1537090089777	mozrunner::runner	INFO	Running command: "C:\\Program Files (x86)\\Mozilla Firefox\\firefox.exe" "-marionette" "-foreground" "-no-remote" "-profile" "C:\\Users\\paulr\\AppData\\Local\\Temp\\rust_mozprofile.gOaTwpa1UsQo"
1537090092263	Marionette	INFO	Listening on port 49432
1537090092494	Marionette	WARN	TLS certificate errors will be ignored for this session
1537090092531	Marionette	DEBUG	[6442450945] Frame script loaded
1537090092532	Marionette	DEBUG	[6442450945] Frame script registered
1537090092568	Marionette	DEBUG	[6442450945] Received DOM event beforeunload for about:blank
1537090092775	Marionette	DEBUG	[6442450945] Received DOM event pagehide for about:blank
1537090093961	Marionette	DEBUG	[6442450945] Received observer notification outer-window-destroyed for 6442450951
1537090093966	Marionette	DEBUG	[6442450945] Received DOM event DOMContentLoaded for https://www.tumblr.com/
1537090094471	Marionette	DEBUG	[6442450945] Received DOM event pageshow for https://www.tumblr.com/
1537090094565	Marionette	DEBUG	[6442450945] Received DOM event beforeunload for https://www.tumblr.com/
1537090094735	Marionette	DEBUG	[6442450945] Received DOM event pagehide for https://www.tumblr.com/
1537090094737	Marionette	DEBUG	[6442450945] Received DOM event unload for https://www.tumblr.com/
1537090095314	Marionette	DEBUG	[6442450945] Received observer notification outer-window-destroyed for 6442450955
1537090095315	Marionette	DEBUG	[6442450945] Received observer notification outer-window-destroyed for 6442450949
1537090095315	Marionette	DEBUG	[6442450945] Received observer notification outer-window-destroyed for 6442450950
1537090095614	Marionette	DEBUG	[6442450945] Received observer notification outer-window-destroyed for 6442450964
1537090095615	Marionette	DEBUG	[6442450945] Received DOM event DOMContentLoaded for https://www.tumblr.com/login
1537090095782	Marionette	DEBUG	[6442450945] Received DOM event pageshow for https://www.tumblr.com/login
1537090096284	Marionette	DEBUG	[6442450945] Canceled page load listener because no navigation has been detected
1537090097352	Marionette	DEBUG	[6442450945] Received DOM event popstate for https://www.tumblr.com/login#
1537090097500	Marionette	DEBUG	[6442450945] Received DOM event beforeunload for https://www.tumblr.com/login#
1537090097941	Marionette	DEBUG	[6442450945] Received observer notification outer-window-destroyed for 6442450966
1537090098149	Marionette	DEBUG	[6442450945] Received observer notification outer-window-destroyed for 6442450968
1537090098181	Marionette	DEBUG	[6442450945] Received DOM event pagehide for https://www.tumblr.com/login#
1537090098183	Marionette	DEBUG	[6442450945] Received DOM event unload for https://www.tumblr.com/login#
1537090098611	Marionette	DEBUG	[6442450945] Received observer notification outer-window-destroyed for 6442450960
1537090098611	Marionette	DEBUG	[6442450945] Received observer notification outer-window-destroyed for 6442450958
1537090098612	Marionette	DEBUG	[6442450945] Received observer notification outer-window-destroyed for 6442450959
1537090099374	Marionette	DEBUG	[6442450945] Received DOM event DOMContentLoaded for https://www.tumblr.com/dashboard
1537090100039	Marionette	DEBUG	[6442450945] Received DOM event pageshow for https://www.tumblr.com/dashboard
1537090100063	Marionette	DEBUG	[6442450945] Received DOM event beforeunload for https://www.tumblr.com/dashboard
1537090100461	Marionette	DEBUG	[6442450945] Received DOM event pagehide for https://www.tumblr.com/dashboard
1537090100462	Marionette	DEBUG	[6442450945] Received DOM event unload for https://www.tumblr.com/dashboard
1537090100624	Marionette	DEBUG	[6442450945] Received observer notification outer-window-destroyed for 6442450972
1537090100624	Marionette	DEBUG	[6442450945] Received observer notification outer-window-destroyed for 6442450971
1537090100625	Marionette	DEBUG	[6442450945] Received observer notification outer-window-destroyed for 6442450975
1537090100798	Marionette	DEBUG	[6442450945] Received DOM event DOMContentLoaded for https://ashley-arue.tumblr.com/
1537090100897	Marionette	DEBUG	[6442450945] Received observer notification outer-window-destroyed for 6442450989
1537090101541	Marionette	DEBUG	[6442450945] Received DOM event pageshow for https://ashley-arue.tumblr.com/
1537090101567	Marionette	DEBUG	[6442450945] Received DOM event beforeunload for https://ashley-arue.tumblr.com/
1537090102016	Marionette	DEBUG	[6442450945] Received DOM event pagehide for https://ashley-arue.tumblr.com/
1537090102017	Marionette	DEBUG	[6442450945] Received DOM event unload for https://ashley-arue.tumblr.com/
1537090102362	Marionette	DEBUG	[6442450945] Received observer notification outer-window-destroyed for 6442450999
1537090102362	Marionette	DEBUG	[6442450945] Received observer notification outer-window-destroyed for 6442450998
1537090102362	Marionette	DEBUG	[6442450945] Received observer notification outer-window-destroyed for 6442450993
1537090102362	Marionette	DEBUG	[6442450945] Received observer notification outer-window-destroyed for 6442450978
1537090102362	Marionette	DEBUG	[6442450945] Received observer notification outer-window-destroyed for 6442450979
1537090102362	Marionette	DEBUG	[6442450945] Received observer notification outer-window-destroyed for 6442450980
1537090102363	Marionette	DEBUG	[6442450945] Received observer notification outer-window-destroyed for 6442451002
1537090102363	Marionette	DEBUG	[6442450945] Received observer notification outer-window-destroyed for 6442450995
1537090102363	Marionette	DEBUG	[6442450945] Received observer notification outer-window-destroyed for 6442450981
1537090102897	Marionette	DEBUG	[6442450945] Received DOM event DOMContentLoaded for https://www.tumblr.com/dashboard
1537090103439	Marionette	DEBUG	[6442450945] Received DOM event pageshow for https://www.tumblr.com/dashboard
